2025-12-20 15:09:30,406 - INFO - 
============================================================
2025-12-20 15:09:30,413 - INFO - ============================================================
2025-12-20 15:09:30,437 - INFO -    --------------------------------------------------
2025-12-20 15:09:30,461 - INFO -    --------------------------------------------------
2025-12-20 15:09:30,484 - INFO -    --------------------------------------------------
2025-12-20 15:09:30,510 - INFO -    --------------------------------------------------
2025-12-20 15:09:30,535 - INFO -    --------------------------------------------------
2025-12-20 15:09:30,559 - INFO -    --------------------------------------------------
2025-12-20 15:09:30,576 - INFO -    --------------------------------------------------
2025-12-20 15:09:30,592 - INFO -    --------------------------------------------------
2025-12-20 15:09:30,610 - INFO -    --------------------------------------------------
2025-12-20 15:09:30,624 - INFO -    --------------------------------------------------
2025-12-20 15:09:30,637 - INFO -    --------------------------------------------------
2025-12-20 15:09:30,649 - INFO -    --------------------------------------------------
2025-12-20 15:09:30,662 - INFO -    --------------------------------------------------
2025-12-20 15:09:30,675 - INFO -    --------------------------------------------------
2025-12-20 15:09:30,688 - INFO -    --------------------------------------------------
2025-12-20 15:09:30,700 - INFO -    --------------------------------------------------
2025-12-20 15:09:30,711 - INFO -    --------------------------------------------------
2025-12-20 15:09:30,721 - INFO -    --------------------------------------------------
2025-12-20 15:09:30,729 - INFO -    --------------------------------------------------
2025-12-20 15:09:30,736 - INFO -    --------------------------------------------------
2025-12-20 15:09:30,745 - INFO -    --------------------------------------------------
2025-12-20 15:09:30,752 - INFO -    --------------------------------------------------
2025-12-20 15:09:30,758 - INFO -    --------------------------------------------------
2025-12-20 15:09:30,765 - INFO -    --------------------------------------------------
2025-12-20 15:09:30,772 - INFO -    --------------------------------------------------
2025-12-20 15:09:30,779 - INFO -    --------------------------------------------------
2025-12-20 15:09:30,786 - INFO -    --------------------------------------------------
2025-12-20 15:09:30,792 - INFO -    --------------------------------------------------
2025-12-20 15:09:30,798 - INFO -    --------------------------------------------------
2025-12-20 15:09:30,804 - INFO -    --------------------------------------------------
2025-12-20 15:09:30,811 - INFO -    --------------------------------------------------
2025-12-20 15:09:30,817 - INFO -    --------------------------------------------------
2025-12-20 15:09:30,824 - INFO -    --------------------------------------------------
2025-12-20 15:09:30,830 - INFO -    --------------------------------------------------
2025-12-20 15:09:30,835 - INFO -    --------------------------------------------------
2025-12-20 15:09:30,841 - INFO -    --------------------------------------------------
2025-12-20 15:09:30,847 - INFO -    --------------------------------------------------
2025-12-20 15:09:30,853 - INFO -    --------------------------------------------------
2025-12-20 15:09:30,859 - INFO -    --------------------------------------------------
2025-12-20 15:09:30,864 - INFO -    --------------------------------------------------
2025-12-20 15:09:30,877 - INFO -    --------------------------------------------------
2025-12-20 15:09:30,890 - INFO -    --------------------------------------------------
2025-12-20 15:09:30,899 - INFO -    --------------------------------------------------
2025-12-20 15:09:30,911 - INFO -    --------------------------------------------------
2025-12-20 15:09:30,920 - INFO -    --------------------------------------------------
2025-12-20 15:09:30,927 - INFO -    --------------------------------------------------
2025-12-20 15:09:30,936 - INFO -    --------------------------------------------------
2025-12-20 15:09:30,951 - INFO -    --------------------------------------------------
2025-12-20 15:09:30,959 - INFO -    --------------------------------------------------
2025-12-20 15:09:30,964 - INFO -    --------------------------------------------------
2025-12-20 15:09:30,974 - INFO -    --------------------------------------------------
2025-12-20 15:09:30,984 - INFO -    --------------------------------------------------
2025-12-20 15:09:30,991 - INFO -    --------------------------------------------------
2025-12-20 15:09:30,996 - INFO -    --------------------------------------------------
2025-12-20 15:09:31,002 - INFO -    --------------------------------------------------
2025-12-20 15:09:31,014 - INFO -    --------------------------------------------------
2025-12-20 15:09:31,030 - INFO -    --------------------------------------------------
2025-12-20 15:09:31,040 - INFO -    --------------------------------------------------
2025-12-20 15:09:31,046 - INFO -    --------------------------------------------------
2025-12-20 15:09:31,056 - INFO -    --------------------------------------------------
2025-12-20 15:09:31,066 - INFO -    --------------------------------------------------
2025-12-20 15:09:31,072 - INFO -    --------------------------------------------------
2025-12-20 15:09:31,081 - INFO -    --------------------------------------------------
2025-12-20 15:09:31,177 - INFO -    --------------------------------------------------
2025-12-20 15:09:31,184 - INFO -    --------------------------------------------------
2025-12-20 15:09:31,192 - INFO -    --------------------------------------------------
2025-12-20 15:09:31,199 - INFO -    --------------------------------------------------
2025-12-20 15:09:31,208 - INFO -    --------------------------------------------------
2025-12-20 15:09:31,219 - INFO -    --------------------------------------------------
2025-12-20 15:09:31,226 - INFO -    --------------------------------------------------
2025-12-20 15:09:31,236 - INFO -    --------------------------------------------------
2025-12-20 15:09:31,246 - INFO -    --------------------------------------------------
2025-12-20 15:09:31,254 - INFO -    --------------------------------------------------
2025-12-20 15:09:31,265 - INFO -    --------------------------------------------------
2025-12-20 15:09:31,279 - INFO -    --------------------------------------------------
2025-12-20 15:09:31,289 - INFO -    --------------------------------------------------
2025-12-20 15:09:31,298 - INFO -    --------------------------------------------------
2025-12-20 15:09:31,309 - INFO -    --------------------------------------------------
2025-12-20 15:09:31,320 - INFO -    --------------------------------------------------
2025-12-20 15:09:31,331 - INFO -    --------------------------------------------------
2025-12-20 15:09:31,342 - INFO -    --------------------------------------------------
2025-12-20 15:09:31,353 - INFO -    --------------------------------------------------
2025-12-20 15:09:31,363 - INFO -    --------------------------------------------------
2025-12-20 15:09:31,373 - INFO -    --------------------------------------------------
2025-12-20 15:09:31,384 - INFO -    --------------------------------------------------
2025-12-20 15:09:31,393 - INFO -    --------------------------------------------------
2025-12-20 15:09:31,402 - INFO -    --------------------------------------------------
2025-12-20 15:09:31,411 - INFO -    --------------------------------------------------
2025-12-20 15:09:31,420 - INFO -    --------------------------------------------------
2025-12-20 15:09:31,429 - INFO -    --------------------------------------------------
2025-12-20 15:09:31,438 - INFO -    --------------------------------------------------
2025-12-20 15:09:31,448 - INFO -    --------------------------------------------------
2025-12-20 15:09:31,456 - INFO -    --------------------------------------------------
2025-12-20 15:09:31,463 - INFO -    --------------------------------------------------
2025-12-20 15:09:31,471 - INFO -    --------------------------------------------------
2025-12-20 15:09:31,478 - INFO -    --------------------------------------------------
2025-12-20 15:09:31,484 - INFO -    --------------------------------------------------
2025-12-20 15:09:31,491 - INFO -    --------------------------------------------------
2025-12-20 15:09:31,499 - INFO -    --------------------------------------------------
2025-12-20 15:09:31,509 - INFO -    --------------------------------------------------
2025-12-20 15:09:31,517 - INFO -    --------------------------------------------------
2025-12-20 15:09:31,524 - INFO -    --------------------------------------------------
2025-12-20 15:09:31,530 - INFO -    --------------------------------------------------
2025-12-20 15:09:31,538 - INFO -    --------------------------------------------------
2025-12-20 15:09:31,546 - INFO -    --------------------------------------------------
2025-12-20 15:09:31,555 - INFO -    --------------------------------------------------
2025-12-20 15:09:31,563 - INFO -    --------------------------------------------------
2025-12-20 15:09:31,570 - INFO -    --------------------------------------------------
2025-12-20 15:09:31,577 - INFO -    --------------------------------------------------
2025-12-20 15:09:31,584 - INFO -    --------------------------------------------------
2025-12-20 15:09:31,590 - INFO -    --------------------------------------------------
2025-12-20 15:09:31,596 - INFO -    --------------------------------------------------
2025-12-20 15:09:31,602 - INFO -    --------------------------------------------------
2025-12-20 15:09:31,608 - INFO -    --------------------------------------------------
2025-12-20 15:09:31,613 - INFO -    --------------------------------------------------
2025-12-20 15:09:31,619 - INFO -    --------------------------------------------------
2025-12-20 15:09:31,626 - INFO -    --------------------------------------------------
2025-12-20 15:09:31,632 - INFO -    --------------------------------------------------
2025-12-20 15:09:31,638 - INFO -    --------------------------------------------------
2025-12-20 15:09:31,643 - INFO -    --------------------------------------------------
2025-12-20 15:09:31,649 - INFO -    --------------------------------------------------
2025-12-20 15:09:31,654 - INFO -    --------------------------------------------------
2025-12-20 15:09:31,660 - INFO -    --------------------------------------------------
2025-12-20 15:09:31,666 - INFO -    --------------------------------------------------
2025-12-20 15:09:31,672 - INFO -    --------------------------------------------------
2025-12-20 15:09:31,678 - INFO -    --------------------------------------------------
2025-12-20 15:09:31,683 - INFO -    --------------------------------------------------
2025-12-20 15:09:31,690 - INFO -    --------------------------------------------------
2025-12-20 15:09:31,695 - INFO -    --------------------------------------------------
2025-12-20 15:09:31,700 - INFO -    --------------------------------------------------
2025-12-20 15:09:31,706 - INFO -    --------------------------------------------------
2025-12-20 15:09:31,711 - INFO -    --------------------------------------------------
2025-12-20 15:09:31,718 - INFO -    --------------------------------------------------
2025-12-20 15:09:31,724 - INFO -    --------------------------------------------------
2025-12-20 15:09:31,729 - INFO -    --------------------------------------------------
2025-12-20 15:09:31,734 - INFO -    --------------------------------------------------
2025-12-20 15:09:31,740 - INFO -    --------------------------------------------------
2025-12-20 15:09:31,745 - INFO -    --------------------------------------------------
2025-12-20 15:09:31,752 - INFO -    --------------------------------------------------
2025-12-20 15:09:31,758 - INFO -    --------------------------------------------------
2025-12-20 15:09:31,765 - INFO -    --------------------------------------------------
2025-12-20 15:09:31,773 - INFO -    --------------------------------------------------
2025-12-20 15:09:31,781 - INFO -    --------------------------------------------------
2025-12-20 15:09:31,791 - INFO -    --------------------------------------------------
2025-12-20 15:09:31,801 - INFO -    --------------------------------------------------
2025-12-20 15:09:31,813 - INFO -    --------------------------------------------------
2025-12-20 15:09:31,823 - INFO -    --------------------------------------------------
2025-12-20 15:09:31,834 - INFO -    --------------------------------------------------
2025-12-20 15:09:31,846 - INFO -    --------------------------------------------------
2025-12-20 15:09:31,856 - INFO -    --------------------------------------------------
2025-12-20 15:09:31,866 - INFO -    --------------------------------------------------
2025-12-20 15:09:31,875 - INFO -    --------------------------------------------------
2025-12-20 15:09:31,881 - INFO -    --------------------------------------------------
2025-12-20 15:09:31,887 - INFO -    --------------------------------------------------
2025-12-20 15:09:31,895 - INFO -    --------------------------------------------------
2025-12-20 15:09:31,903 - INFO -    --------------------------------------------------
2025-12-20 15:09:31,911 - INFO -    --------------------------------------------------
2025-12-20 15:09:31,920 - INFO -    --------------------------------------------------
2025-12-20 15:09:31,928 - INFO -    --------------------------------------------------
2025-12-20 15:09:31,935 - INFO -    --------------------------------------------------
2025-12-20 15:09:31,943 - INFO -    --------------------------------------------------
2025-12-20 15:09:31,948 - INFO -    --------------------------------------------------
2025-12-20 15:09:31,955 - INFO -    --------------------------------------------------
2025-12-20 15:09:31,963 - INFO -    --------------------------------------------------
2025-12-20 15:09:31,969 - INFO -    --------------------------------------------------
2025-12-20 15:09:31,976 - INFO -    --------------------------------------------------
2025-12-20 15:09:31,982 - INFO -    --------------------------------------------------
2025-12-20 15:09:31,989 - INFO -    --------------------------------------------------
2025-12-20 15:09:31,995 - INFO -    --------------------------------------------------
2025-12-20 15:09:32,002 - INFO -    --------------------------------------------------
2025-12-20 15:09:32,007 - INFO -    --------------------------------------------------
2025-12-20 15:09:32,011 - INFO -    --------------------------------------------------
2025-12-20 15:09:32,017 - INFO -    --------------------------------------------------
2025-12-20 15:09:32,022 - INFO -    --------------------------------------------------
2025-12-20 15:09:32,028 - INFO -    --------------------------------------------------
2025-12-20 15:09:32,033 - INFO -    --------------------------------------------------
2025-12-20 15:09:32,040 - INFO -    --------------------------------------------------
2025-12-20 15:09:32,046 - INFO -    --------------------------------------------------
2025-12-20 15:09:32,053 - INFO -    --------------------------------------------------
2025-12-20 15:09:32,059 - INFO -    --------------------------------------------------
2025-12-20 15:09:32,064 - INFO -    --------------------------------------------------
2025-12-20 15:09:32,071 - INFO -    --------------------------------------------------
2025-12-20 15:09:32,079 - INFO -    --------------------------------------------------
2025-12-20 15:09:32,086 - INFO -    --------------------------------------------------
2025-12-20 15:09:32,092 - INFO -    --------------------------------------------------
2025-12-20 15:09:32,099 - INFO -    --------------------------------------------------
2025-12-20 15:09:32,107 - INFO -    --------------------------------------------------
2025-12-20 15:09:32,114 - INFO -    --------------------------------------------------
2025-12-20 15:09:32,120 - INFO -    --------------------------------------------------
2025-12-20 15:09:32,127 - INFO -    --------------------------------------------------
2025-12-20 15:09:32,135 - INFO -    --------------------------------------------------
2025-12-20 15:09:32,144 - INFO -    --------------------------------------------------
2025-12-20 15:09:32,152 - INFO -    --------------------------------------------------
2025-12-20 15:09:32,159 - INFO -    --------------------------------------------------
2025-12-20 15:09:32,164 - INFO -    --------------------------------------------------
2025-12-20 15:09:32,170 - INFO -    --------------------------------------------------
2025-12-20 15:09:32,177 - INFO -    --------------------------------------------------
2025-12-20 15:09:32,185 - INFO -    --------------------------------------------------
2025-12-20 15:09:32,193 - INFO -    --------------------------------------------------
2025-12-20 15:09:32,199 - INFO -    --------------------------------------------------
2025-12-20 15:09:32,206 - INFO -    --------------------------------------------------
2025-12-20 15:09:32,212 - INFO -    --------------------------------------------------
2025-12-20 15:09:32,217 - INFO -    --------------------------------------------------
2025-12-20 15:09:32,223 - INFO -    --------------------------------------------------
2025-12-20 15:09:32,229 - INFO -    --------------------------------------------------
2025-12-20 15:09:32,236 - INFO -    --------------------------------------------------
2025-12-20 15:09:32,243 - INFO -    --------------------------------------------------
2025-12-20 15:09:32,250 - INFO -    --------------------------------------------------
2025-12-20 15:09:32,258 - INFO -    --------------------------------------------------
2025-12-20 15:09:32,265 - INFO -    --------------------------------------------------
2025-12-20 15:09:32,272 - INFO -    --------------------------------------------------
2025-12-20 15:09:32,279 - INFO -    --------------------------------------------------
2025-12-20 15:09:32,286 - INFO -    --------------------------------------------------
2025-12-20 15:09:32,292 - INFO -    --------------------------------------------------
2025-12-20 15:09:32,298 - INFO -    --------------------------------------------------
2025-12-20 15:09:32,305 - INFO -    --------------------------------------------------
2025-12-20 15:09:32,311 - INFO -    --------------------------------------------------
2025-12-20 15:09:32,318 - INFO -    --------------------------------------------------
2025-12-20 15:09:32,325 - INFO -    --------------------------------------------------
2025-12-20 15:09:32,331 - INFO -    --------------------------------------------------
2025-12-20 15:09:32,337 - INFO -    --------------------------------------------------
2025-12-20 15:09:32,342 - INFO -    --------------------------------------------------
2025-12-20 15:09:32,349 - INFO -    --------------------------------------------------
2025-12-20 15:09:32,354 - INFO -    --------------------------------------------------
2025-12-20 15:09:32,360 - INFO -    --------------------------------------------------
2025-12-20 15:09:32,366 - INFO -    --------------------------------------------------
2025-12-20 15:09:32,373 - INFO -    --------------------------------------------------
2025-12-20 15:09:32,380 - INFO -    --------------------------------------------------
2025-12-20 15:09:32,387 - INFO -    --------------------------------------------------
2025-12-20 15:09:32,393 - INFO -    --------------------------------------------------
2025-12-20 15:09:32,401 - INFO -    --------------------------------------------------
2025-12-20 15:09:32,406 - INFO -    --------------------------------------------------
2025-12-20 15:09:32,411 - INFO -    --------------------------------------------------
2025-12-20 15:09:32,417 - INFO -    --------------------------------------------------
2025-12-20 15:09:32,422 - INFO -    --------------------------------------------------
2025-12-20 15:09:32,427 - INFO -    --------------------------------------------------
2025-12-20 15:09:32,432 - INFO -    --------------------------------------------------
2025-12-20 15:09:32,439 - INFO -    --------------------------------------------------
2025-12-20 15:09:32,445 - INFO -    --------------------------------------------------
2025-12-20 15:09:32,450 - INFO -    --------------------------------------------------
2025-12-20 15:09:32,456 - INFO -    --------------------------------------------------
2025-12-20 15:09:32,462 - INFO -    --------------------------------------------------
2025-12-20 15:09:32,468 - INFO -    --------------------------------------------------
2025-12-20 15:09:32,474 - INFO -    --------------------------------------------------
2025-12-20 15:09:32,481 - INFO -    --------------------------------------------------
2025-12-20 15:09:32,487 - INFO -    --------------------------------------------------
2025-12-20 15:09:32,492 - INFO -    --------------------------------------------------
2025-12-20 15:09:32,497 - INFO -    --------------------------------------------------
2025-12-20 15:09:32,503 - INFO -    --------------------------------------------------
2025-12-20 15:09:32,509 - INFO -    --------------------------------------------------
2025-12-20 15:09:32,514 - INFO -    --------------------------------------------------
2025-12-20 15:09:32,521 - INFO -    --------------------------------------------------
2025-12-20 15:09:32,526 - INFO -    --------------------------------------------------
2025-12-20 15:09:32,530 - INFO -    --------------------------------------------------
2025-12-20 15:09:32,537 - INFO -    --------------------------------------------------
2025-12-20 15:09:32,542 - INFO -    --------------------------------------------------
2025-12-20 15:09:32,547 - INFO -    --------------------------------------------------
2025-12-20 15:09:32,553 - INFO -    --------------------------------------------------
2025-12-20 15:09:32,557 - INFO -    --------------------------------------------------
2025-12-20 15:09:32,562 - INFO -    --------------------------------------------------
2025-12-20 15:09:32,568 - INFO -    --------------------------------------------------
2025-12-20 15:09:32,573 - INFO -    --------------------------------------------------
2025-12-20 15:09:32,578 - INFO -    --------------------------------------------------
2025-12-20 15:09:32,583 - INFO -    --------------------------------------------------
2025-12-20 15:09:32,590 - INFO -    --------------------------------------------------
2025-12-20 15:09:32,596 - INFO -    --------------------------------------------------
2025-12-20 15:09:32,602 - INFO -    --------------------------------------------------
2025-12-20 15:09:32,609 - INFO -    --------------------------------------------------
2025-12-20 15:09:32,615 - INFO -    --------------------------------------------------
2025-12-20 15:09:32,620 - INFO -    --------------------------------------------------
2025-12-20 15:09:32,627 - INFO -    --------------------------------------------------
2025-12-20 15:09:32,632 - INFO -    --------------------------------------------------
2025-12-20 15:09:32,637 - INFO -    --------------------------------------------------
2025-12-20 15:09:32,643 - INFO -    --------------------------------------------------
2025-12-20 15:09:32,688 - INFO -    --------------------------------------------------
2025-12-20 15:09:32,695 - INFO -    --------------------------------------------------
2025-12-20 15:09:32,700 - INFO -    --------------------------------------------------
2025-12-20 15:09:32,707 - INFO -    --------------------------------------------------
2025-12-20 15:09:32,714 - INFO -    --------------------------------------------------
2025-12-20 15:09:32,720 - INFO -    --------------------------------------------------
2025-12-20 15:09:32,726 - INFO -    --------------------------------------------------
2025-12-20 15:09:32,731 - INFO -    --------------------------------------------------
2025-12-20 15:09:32,737 - INFO -    --------------------------------------------------
2025-12-20 15:09:32,743 - INFO -    --------------------------------------------------
2025-12-20 15:09:32,748 - INFO -    --------------------------------------------------
2025-12-20 15:09:32,754 - INFO -    --------------------------------------------------
2025-12-20 15:09:32,759 - INFO -    --------------------------------------------------
2025-12-20 15:09:32,765 - INFO -    --------------------------------------------------
2025-12-20 15:09:32,772 - INFO -    --------------------------------------------------
2025-12-20 15:09:32,777 - INFO -    --------------------------------------------------
2025-12-20 15:09:32,783 - INFO -    --------------------------------------------------
2025-12-20 15:09:32,788 - INFO -    --------------------------------------------------
2025-12-20 15:09:32,793 - INFO -    --------------------------------------------------
2025-12-20 15:09:32,799 - INFO -    --------------------------------------------------
2025-12-20 15:09:32,805 - INFO -    --------------------------------------------------
2025-12-20 15:09:32,811 - INFO -    --------------------------------------------------
2025-12-20 15:09:32,815 - INFO -    --------------------------------------------------
2025-12-20 15:09:32,820 - INFO -    --------------------------------------------------
2025-12-20 15:09:32,826 - INFO -    --------------------------------------------------
2025-12-20 15:09:32,832 - INFO -    --------------------------------------------------
2025-12-20 15:09:32,838 - INFO -    --------------------------------------------------
2025-12-20 15:09:32,845 - INFO -    --------------------------------------------------
2025-12-20 15:09:32,852 - INFO -    --------------------------------------------------
2025-12-20 15:09:32,859 - INFO -    --------------------------------------------------
2025-12-20 15:09:32,865 - INFO -    --------------------------------------------------
2025-12-20 15:09:32,870 - INFO -    --------------------------------------------------
2025-12-20 15:09:32,878 - INFO -    --------------------------------------------------
2025-12-20 15:09:32,884 - INFO -    --------------------------------------------------
2025-12-20 15:09:32,890 - INFO -    --------------------------------------------------
2025-12-20 15:09:32,896 - INFO -    --------------------------------------------------
2025-12-20 15:09:32,902 - INFO -    --------------------------------------------------
2025-12-20 15:09:32,907 - INFO -    --------------------------------------------------
2025-12-20 15:09:32,914 - INFO -    --------------------------------------------------
2025-12-20 15:09:32,920 - INFO -    --------------------------------------------------
2025-12-20 15:09:32,926 - INFO -    --------------------------------------------------
2025-12-20 15:09:32,932 - INFO -    --------------------------------------------------
2025-12-20 15:09:32,940 - INFO -    --------------------------------------------------
2025-12-20 15:09:32,945 - INFO -    --------------------------------------------------
2025-12-20 15:09:32,950 - INFO -    --------------------------------------------------
2025-12-20 15:09:32,956 - INFO -    --------------------------------------------------
2025-12-20 15:09:32,962 - INFO -    --------------------------------------------------
2025-12-20 15:09:32,968 - INFO -    --------------------------------------------------
2025-12-20 15:09:32,975 - INFO -    --------------------------------------------------
2025-12-20 15:09:32,980 - INFO -    --------------------------------------------------
2025-12-20 15:09:32,985 - INFO -    --------------------------------------------------
2025-12-20 15:09:32,992 - INFO -    --------------------------------------------------
2025-12-20 15:09:32,997 - INFO -    --------------------------------------------------
2025-12-20 15:09:33,002 - INFO -    --------------------------------------------------
2025-12-20 15:09:33,009 - INFO -    --------------------------------------------------
2025-12-20 15:09:33,013 - INFO -    --------------------------------------------------
2025-12-20 15:09:33,020 - INFO -    --------------------------------------------------
2025-12-20 15:09:33,026 - INFO -    --------------------------------------------------
2025-12-20 15:09:33,032 - INFO -    --------------------------------------------------
2025-12-20 15:09:33,040 - INFO -    --------------------------------------------------
2025-12-20 15:09:33,046 - INFO -    --------------------------------------------------
2025-12-20 15:09:33,052 - INFO -    --------------------------------------------------
2025-12-20 15:09:33,058 - INFO -    --------------------------------------------------
2025-12-20 15:09:33,065 - INFO -    --------------------------------------------------
2025-12-20 15:09:33,071 - INFO -    --------------------------------------------------
2025-12-20 15:09:33,078 - INFO -    --------------------------------------------------
2025-12-20 15:09:33,085 - INFO -    --------------------------------------------------
2025-12-20 15:09:33,091 - INFO -    --------------------------------------------------
2025-12-20 15:09:33,097 - INFO -    --------------------------------------------------
2025-12-20 15:09:33,103 - INFO -    --------------------------------------------------
2025-12-20 15:09:33,109 - INFO -    --------------------------------------------------
2025-12-20 15:09:33,115 - INFO -    --------------------------------------------------
2025-12-20 15:09:33,121 - INFO -    --------------------------------------------------
2025-12-20 15:09:33,127 - INFO -    --------------------------------------------------
2025-12-20 15:09:33,134 - INFO -    --------------------------------------------------
2025-12-20 15:09:33,140 - INFO -    --------------------------------------------------
2025-12-20 15:09:33,147 - INFO -    --------------------------------------------------
2025-12-20 15:09:33,153 - INFO -    --------------------------------------------------
2025-12-20 15:09:33,158 - INFO -    --------------------------------------------------
2025-12-20 15:09:33,165 - INFO -    --------------------------------------------------
2025-12-20 15:09:33,171 - INFO -    --------------------------------------------------
2025-12-20 15:09:33,177 - INFO -    --------------------------------------------------
2025-12-20 15:09:33,183 - INFO -    --------------------------------------------------
2025-12-20 15:09:33,188 - INFO -    --------------------------------------------------
2025-12-20 15:09:33,194 - INFO -    --------------------------------------------------
2025-12-20 15:09:33,198 - INFO -    --------------------------------------------------
2025-12-20 15:09:33,205 - INFO -    --------------------------------------------------
2025-12-20 15:09:33,210 - INFO -    --------------------------------------------------
2025-12-20 15:09:33,216 - INFO -    --------------------------------------------------
2025-12-20 15:09:33,222 - INFO -    --------------------------------------------------
2025-12-20 15:09:33,227 - INFO -    --------------------------------------------------
2025-12-20 15:09:33,232 - INFO -    --------------------------------------------------
2025-12-20 15:09:33,237 - INFO -    --------------------------------------------------
2025-12-20 15:09:33,242 - INFO -    --------------------------------------------------
2025-12-20 15:09:33,247 - INFO -    --------------------------------------------------
2025-12-20 15:09:33,253 - INFO -    --------------------------------------------------
2025-12-20 15:09:33,258 - INFO -    --------------------------------------------------
2025-12-20 15:09:33,264 - INFO -    --------------------------------------------------
2025-12-20 15:09:33,269 - INFO -    --------------------------------------------------
2025-12-20 15:09:33,276 - INFO -    --------------------------------------------------
2025-12-20 15:09:33,281 - INFO -    --------------------------------------------------
2025-12-20 15:09:33,286 - INFO -    --------------------------------------------------
2025-12-20 15:09:33,291 - INFO -    --------------------------------------------------
2025-12-20 15:09:33,297 - INFO -    --------------------------------------------------
2025-12-20 15:09:33,303 - INFO -    --------------------------------------------------
2025-12-20 15:09:33,310 - INFO -    --------------------------------------------------
2025-12-20 15:09:33,318 - INFO -    --------------------------------------------------
2025-12-20 15:09:33,325 - INFO -    --------------------------------------------------
2025-12-20 15:09:33,333 - INFO -    --------------------------------------------------
2025-12-20 15:09:33,339 - INFO -    --------------------------------------------------
2025-12-20 15:09:33,346 - INFO -    --------------------------------------------------
2025-12-20 15:09:33,353 - INFO -    --------------------------------------------------
2025-12-20 15:09:33,360 - INFO -    --------------------------------------------------
2025-12-20 15:09:33,366 - INFO -    --------------------------------------------------
2025-12-20 15:09:33,371 - INFO -    --------------------------------------------------
2025-12-20 15:09:33,378 - INFO -    --------------------------------------------------
2025-12-20 15:09:33,384 - INFO -    --------------------------------------------------
2025-12-20 15:09:33,390 - INFO -    --------------------------------------------------
2025-12-20 15:09:33,396 - INFO -    --------------------------------------------------
2025-12-20 15:09:33,401 - INFO -    --------------------------------------------------
2025-12-20 15:09:33,407 - INFO -    --------------------------------------------------
2025-12-20 15:09:33,414 - INFO -    --------------------------------------------------
2025-12-20 15:09:33,419 - INFO -    --------------------------------------------------
2025-12-20 15:09:33,426 - INFO -    --------------------------------------------------
2025-12-20 15:09:33,432 - INFO -    --------------------------------------------------
2025-12-20 15:09:33,439 - INFO -    --------------------------------------------------
2025-12-20 15:09:33,444 - INFO -    --------------------------------------------------
2025-12-20 15:09:33,450 - INFO -    --------------------------------------------------
2025-12-20 15:09:33,456 - INFO -    --------------------------------------------------
2025-12-20 15:09:33,462 - INFO -    --------------------------------------------------
2025-12-20 15:09:33,467 - INFO -    --------------------------------------------------
2025-12-20 15:09:33,473 - INFO -    --------------------------------------------------
2025-12-20 15:09:33,478 - INFO -    --------------------------------------------------
2025-12-20 15:09:33,483 - INFO -    --------------------------------------------------
2025-12-20 15:09:33,488 - INFO -    --------------------------------------------------
2025-12-20 15:09:33,493 - INFO -    --------------------------------------------------
2025-12-20 15:09:33,499 - INFO -    --------------------------------------------------
2025-12-20 15:09:33,504 - INFO -    --------------------------------------------------
2025-12-20 15:09:33,510 - INFO -    --------------------------------------------------
2025-12-20 15:09:33,533 - INFO -    --------------------------------------------------
2025-12-20 15:09:33,538 - INFO -    --------------------------------------------------
2025-12-20 15:09:33,543 - INFO -    --------------------------------------------------
2025-12-20 15:09:33,550 - INFO -    --------------------------------------------------
2025-12-20 15:09:33,556 - INFO -    --------------------------------------------------
2025-12-20 15:09:33,562 - INFO -    --------------------------------------------------
2025-12-20 15:09:33,568 - INFO -    --------------------------------------------------
2025-12-20 15:09:33,575 - INFO -    --------------------------------------------------
2025-12-20 15:09:33,580 - INFO -    --------------------------------------------------
2025-12-20 15:09:33,587 - INFO -    --------------------------------------------------
2025-12-20 15:09:33,594 - INFO -    --------------------------------------------------
2025-12-20 15:09:33,599 - INFO -    --------------------------------------------------
2025-12-20 15:09:33,603 - INFO -    --------------------------------------------------
2025-12-20 15:09:33,610 - INFO -    --------------------------------------------------
2025-12-20 15:09:33,615 - INFO -    --------------------------------------------------
2025-12-20 15:09:33,620 - INFO -    --------------------------------------------------
2025-12-20 15:09:33,625 - INFO -    --------------------------------------------------
2025-12-20 15:09:33,631 - INFO -    --------------------------------------------------
2025-12-20 15:09:33,637 - INFO -    --------------------------------------------------
2025-12-20 15:09:33,643 - INFO -    --------------------------------------------------
2025-12-20 15:09:33,649 - INFO -    --------------------------------------------------
2025-12-20 15:09:33,654 - INFO -    --------------------------------------------------
2025-12-20 15:09:33,661 - INFO -    --------------------------------------------------
2025-12-20 15:09:33,666 - INFO -    --------------------------------------------------
2025-12-20 15:09:33,674 - INFO -    --------------------------------------------------
2025-12-20 15:09:33,680 - INFO -    --------------------------------------------------
2025-12-20 15:09:33,686 - INFO -    --------------------------------------------------
2025-12-20 15:09:33,692 - INFO -    --------------------------------------------------
2025-12-20 15:09:33,698 - INFO -    --------------------------------------------------
2025-12-20 15:09:33,705 - INFO -    --------------------------------------------------
2025-12-20 15:09:33,710 - INFO -    --------------------------------------------------
2025-12-20 15:09:33,716 - INFO -    --------------------------------------------------
2025-12-20 15:09:33,723 - INFO -    --------------------------------------------------
2025-12-20 15:09:33,728 - INFO -    --------------------------------------------------
2025-12-20 15:09:33,735 - INFO -    --------------------------------------------------
2025-12-20 15:09:33,741 - INFO -    --------------------------------------------------
2025-12-20 15:09:33,746 - INFO -    --------------------------------------------------
2025-12-20 15:09:33,752 - INFO -    --------------------------------------------------
2025-12-20 15:09:33,757 - INFO -    --------------------------------------------------
2025-12-20 15:09:33,763 - INFO -    --------------------------------------------------
2025-12-20 15:09:33,769 - INFO -    --------------------------------------------------
2025-12-20 15:09:33,774 - INFO -    --------------------------------------------------
2025-12-20 15:09:33,781 - INFO -    --------------------------------------------------
2025-12-20 15:09:33,786 - INFO -    --------------------------------------------------
2025-12-20 15:09:33,793 - INFO -    --------------------------------------------------
2025-12-20 15:09:33,800 - INFO -    --------------------------------------------------
2025-12-20 15:09:33,807 - INFO -    --------------------------------------------------
2025-12-20 15:09:33,813 - INFO -    --------------------------------------------------
2025-12-20 15:09:33,819 - INFO -    --------------------------------------------------
2025-12-20 15:09:33,825 - INFO -    --------------------------------------------------
2025-12-20 15:09:33,831 - INFO -    --------------------------------------------------
2025-12-20 15:09:33,837 - INFO -    --------------------------------------------------
2025-12-20 15:09:33,845 - INFO -    --------------------------------------------------
2025-12-20 15:09:33,850 - INFO -    --------------------------------------------------
2025-12-20 15:09:33,855 - INFO -    --------------------------------------------------
2025-12-20 15:09:33,860 - INFO -    --------------------------------------------------
2025-12-20 15:09:33,866 - INFO -    --------------------------------------------------
2025-12-20 15:09:33,871 - INFO -    --------------------------------------------------
2025-12-20 15:09:33,876 - INFO -    --------------------------------------------------
2025-12-20 15:09:33,881 - INFO -    --------------------------------------------------
2025-12-20 15:09:33,886 - INFO -    --------------------------------------------------
2025-12-20 15:09:33,892 - INFO -    --------------------------------------------------
2025-12-20 15:09:33,897 - INFO -    --------------------------------------------------
2025-12-20 15:09:33,902 - INFO -    --------------------------------------------------
2025-12-20 15:09:33,909 - INFO -    --------------------------------------------------
2025-12-20 15:09:33,914 - INFO -    --------------------------------------------------
2025-12-20 15:09:33,919 - INFO -    --------------------------------------------------
2025-12-20 15:09:33,924 - INFO -    --------------------------------------------------
2025-12-20 15:09:33,929 - INFO -    --------------------------------------------------
2025-12-20 15:09:33,933 - INFO -    --------------------------------------------------
2025-12-20 15:09:33,938 - INFO -    --------------------------------------------------
2025-12-20 15:09:33,944 - INFO -    --------------------------------------------------
2025-12-20 15:09:33,949 - INFO -    --------------------------------------------------
2025-12-20 15:09:33,954 - INFO -    --------------------------------------------------
2025-12-20 15:09:33,961 - INFO -    --------------------------------------------------
2025-12-20 15:09:33,966 - INFO -    --------------------------------------------------
2025-12-20 15:09:33,971 - INFO -    --------------------------------------------------
2025-12-20 15:09:33,976 - INFO -    --------------------------------------------------
2025-12-20 15:09:33,982 - INFO -    --------------------------------------------------
2025-12-20 15:09:33,988 - INFO -    --------------------------------------------------
2025-12-20 15:09:33,993 - INFO -    --------------------------------------------------
2025-12-20 15:09:33,999 - INFO -    --------------------------------------------------
2025-12-20 15:09:34,007 - INFO -    --------------------------------------------------
2025-12-20 15:09:34,013 - INFO -    --------------------------------------------------
2025-12-20 15:09:34,018 - INFO -    --------------------------------------------------
2025-12-20 15:09:34,023 - INFO -    --------------------------------------------------
2025-12-20 15:09:34,028 - INFO -    --------------------------------------------------
2025-12-20 15:09:34,034 - INFO -    --------------------------------------------------
2025-12-20 15:09:34,040 - INFO -    --------------------------------------------------
2025-12-20 15:09:34,045 - INFO -    --------------------------------------------------
2025-12-20 15:09:34,053 - INFO -    --------------------------------------------------
2025-12-20 15:09:34,061 - INFO -    --------------------------------------------------
2025-12-20 15:09:34,067 - INFO -    --------------------------------------------------
2025-12-20 15:09:34,073 - INFO -    --------------------------------------------------
2025-12-20 15:09:34,079 - INFO -    --------------------------------------------------
2025-12-20 15:09:34,086 - INFO -    --------------------------------------------------
2025-12-20 15:09:34,093 - INFO -    --------------------------------------------------
2025-12-20 15:09:34,111 - INFO -    --------------------------------------------------
2025-12-20 15:09:34,118 - INFO -    --------------------------------------------------
2025-12-20 15:09:34,124 - INFO -    --------------------------------------------------
2025-12-20 15:09:34,131 - INFO -    --------------------------------------------------
2025-12-20 15:09:34,136 - INFO -    --------------------------------------------------
2025-12-20 15:09:34,143 - INFO -    --------------------------------------------------
2025-12-20 15:09:34,148 - INFO -    --------------------------------------------------
2025-12-20 15:09:34,154 - INFO -    --------------------------------------------------
2025-12-20 15:09:34,160 - INFO -    --------------------------------------------------
2025-12-20 15:09:34,166 - INFO -    --------------------------------------------------
2025-12-20 15:09:34,171 - INFO -    --------------------------------------------------
2025-12-20 15:09:34,178 - INFO -    --------------------------------------------------
2025-12-20 15:09:34,185 - INFO -    --------------------------------------------------
2025-12-20 15:09:34,194 - INFO -    --------------------------------------------------
2025-12-20 15:09:34,200 - INFO -    --------------------------------------------------
2025-12-20 15:09:34,207 - INFO -    --------------------------------------------------
2025-12-20 15:09:34,214 - INFO -    --------------------------------------------------
2025-12-20 15:09:34,220 - INFO -    --------------------------------------------------
2025-12-20 15:09:34,228 - INFO -    --------------------------------------------------
2025-12-20 15:09:34,234 - INFO -    --------------------------------------------------
2025-12-20 15:09:34,240 - INFO -    --------------------------------------------------
2025-12-20 15:09:34,245 - INFO -    --------------------------------------------------
2025-12-20 15:09:34,252 - INFO -    --------------------------------------------------
2025-12-20 15:09:34,258 - INFO -    --------------------------------------------------
2025-12-20 15:09:34,264 - INFO -    --------------------------------------------------
2025-12-20 15:09:34,271 - INFO -    --------------------------------------------------
2025-12-20 15:09:34,279 - INFO -    --------------------------------------------------
2025-12-20 15:09:34,286 - INFO -    --------------------------------------------------
2025-12-20 15:09:34,292 - INFO -    --------------------------------------------------
2025-12-20 15:09:34,297 - INFO -    --------------------------------------------------
2025-12-20 15:09:34,303 - INFO -    --------------------------------------------------
2025-12-20 15:09:34,310 - INFO -    --------------------------------------------------
2025-12-20 15:09:34,315 - INFO -    --------------------------------------------------
2025-12-20 15:09:34,322 - INFO -    --------------------------------------------------
2025-12-20 15:09:34,329 - INFO -    --------------------------------------------------
2025-12-20 15:09:34,336 - INFO -    --------------------------------------------------
2025-12-20 15:09:34,342 - INFO -    --------------------------------------------------
2025-12-20 15:09:34,349 - INFO -    --------------------------------------------------
2025-12-20 15:09:34,353 - INFO -    --------------------------------------------------
2025-12-20 15:09:34,360 - INFO -    --------------------------------------------------
2025-12-20 15:09:34,365 - INFO -    --------------------------------------------------
2025-12-20 15:09:34,369 - INFO -    --------------------------------------------------
2025-12-20 15:09:34,375 - INFO -    --------------------------------------------------
2025-12-20 15:09:34,380 - INFO -    --------------------------------------------------
2025-12-20 15:09:34,384 - INFO -    --------------------------------------------------
2025-12-20 15:09:34,389 - INFO -    --------------------------------------------------
2025-12-20 15:09:34,395 - INFO -    --------------------------------------------------
2025-12-20 15:09:34,399 - INFO -    --------------------------------------------------
2025-12-20 15:09:34,405 - INFO -    --------------------------------------------------
2025-12-20 15:09:34,410 - INFO -    --------------------------------------------------
2025-12-20 15:09:34,414 - INFO -    --------------------------------------------------
2025-12-20 15:09:34,419 - INFO -    --------------------------------------------------
2025-12-20 15:09:34,425 - INFO -    --------------------------------------------------
2025-12-20 15:09:34,430 - INFO -    --------------------------------------------------
2025-12-20 15:09:34,435 - INFO -    --------------------------------------------------
2025-12-20 15:09:34,441 - INFO -    --------------------------------------------------
2025-12-20 15:09:34,445 - INFO -    --------------------------------------------------
2025-12-20 15:09:34,450 - INFO -    --------------------------------------------------
2025-12-20 15:09:34,456 - INFO -    --------------------------------------------------
2025-12-20 15:09:34,461 - INFO -    --------------------------------------------------
2025-12-20 15:09:34,466 - INFO -    --------------------------------------------------
2025-12-20 15:09:34,471 - INFO -    --------------------------------------------------
2025-12-20 15:09:34,475 - INFO -    --------------------------------------------------
2025-12-20 15:09:34,480 - INFO -    --------------------------------------------------
2025-12-20 15:09:34,487 - INFO -    --------------------------------------------------
2025-12-20 15:09:34,493 - INFO -    --------------------------------------------------
2025-12-20 15:09:34,499 - INFO -    --------------------------------------------------
2025-12-20 15:09:34,506 - INFO -    --------------------------------------------------
2025-12-20 15:09:34,511 - INFO -    --------------------------------------------------
2025-12-20 15:09:34,517 - INFO -    --------------------------------------------------
2025-12-20 15:09:34,523 - INFO -    --------------------------------------------------
2025-12-20 15:09:34,528 - INFO -    --------------------------------------------------
2025-12-20 15:09:34,533 - INFO -    --------------------------------------------------
2025-12-20 15:09:34,540 - INFO -    --------------------------------------------------
2025-12-20 15:09:34,546 - INFO -    --------------------------------------------------
2025-12-20 15:09:34,552 - INFO -    --------------------------------------------------
2025-12-20 15:09:34,557 - INFO -    --------------------------------------------------
2025-12-20 15:09:34,561 - INFO -    --------------------------------------------------
2025-12-20 15:09:34,567 - INFO -    --------------------------------------------------
2025-12-20 15:09:34,573 - INFO -    --------------------------------------------------
2025-12-20 15:09:34,578 - INFO -    --------------------------------------------------
2025-12-20 15:09:34,583 - INFO -    --------------------------------------------------
2025-12-20 15:09:34,589 - INFO -    --------------------------------------------------
2025-12-20 15:09:34,594 - INFO -    --------------------------------------------------
2025-12-20 15:09:34,600 - INFO -    --------------------------------------------------
2025-12-20 15:09:34,605 - INFO -    --------------------------------------------------
2025-12-20 15:09:34,611 - INFO -    --------------------------------------------------
2025-12-20 15:09:34,616 - INFO -    --------------------------------------------------
2025-12-20 15:09:34,621 - INFO -    --------------------------------------------------
2025-12-20 15:09:34,626 - INFO -    --------------------------------------------------
2025-12-20 15:09:34,632 - INFO -    --------------------------------------------------
2025-12-20 15:09:34,637 - INFO -    --------------------------------------------------
2025-12-20 15:09:34,643 - INFO -    --------------------------------------------------
2025-12-20 15:09:34,648 - INFO -    --------------------------------------------------
2025-12-20 15:09:34,653 - INFO -    --------------------------------------------------
2025-12-20 15:09:34,660 - INFO -    --------------------------------------------------
2025-12-20 15:09:34,667 - INFO -    --------------------------------------------------
2025-12-20 15:09:34,671 - INFO -    --------------------------------------------------
2025-12-20 15:09:34,678 - INFO -    --------------------------------------------------
2025-12-20 15:09:34,683 - INFO -    --------------------------------------------------
2025-12-20 15:09:34,688 - INFO -    --------------------------------------------------
2025-12-20 15:09:34,693 - INFO -    --------------------------------------------------
2025-12-20 15:09:34,699 - INFO -    --------------------------------------------------
2025-12-20 15:09:34,704 - INFO -    --------------------------------------------------
2025-12-20 15:09:34,711 - INFO -    --------------------------------------------------
2025-12-20 15:09:34,717 - INFO -    --------------------------------------------------
2025-12-20 15:09:34,723 - INFO -    --------------------------------------------------
2025-12-20 15:09:34,729 - INFO -    --------------------------------------------------
2025-12-20 15:09:34,734 - INFO -    --------------------------------------------------
2025-12-20 15:09:34,739 - INFO -    --------------------------------------------------
2025-12-20 15:09:34,745 - INFO -    --------------------------------------------------
2025-12-20 15:09:34,751 - INFO -    --------------------------------------------------
2025-12-20 15:09:34,757 - INFO -    --------------------------------------------------
2025-12-20 15:09:34,763 - INFO -    --------------------------------------------------
2025-12-20 15:09:34,767 - INFO -    --------------------------------------------------
2025-12-20 15:09:34,773 - INFO -    --------------------------------------------------
2025-12-20 15:09:34,779 - INFO -    --------------------------------------------------
2025-12-20 15:09:34,786 - INFO -    --------------------------------------------------
2025-12-20 15:09:34,791 - INFO -    --------------------------------------------------
2025-12-20 15:09:34,797 - INFO -    --------------------------------------------------
2025-12-20 15:09:34,804 - INFO -    --------------------------------------------------
2025-12-20 15:09:34,810 - INFO -    --------------------------------------------------
2025-12-20 15:09:34,816 - INFO -    --------------------------------------------------
2025-12-20 15:09:34,822 - INFO -    --------------------------------------------------
2025-12-20 15:09:34,828 - INFO -    --------------------------------------------------
2025-12-20 15:09:34,834 - INFO -    --------------------------------------------------
2025-12-20 15:09:34,840 - INFO -    --------------------------------------------------
2025-12-20 15:09:34,845 - INFO -    --------------------------------------------------
2025-12-20 15:09:34,851 - INFO -    --------------------------------------------------
2025-12-20 15:09:34,856 - INFO -    --------------------------------------------------
2025-12-20 15:09:34,862 - INFO -    --------------------------------------------------
2025-12-20 15:09:34,868 - INFO -    --------------------------------------------------
2025-12-20 15:09:34,873 - INFO -    --------------------------------------------------
2025-12-20 15:09:34,879 - INFO -    --------------------------------------------------
2025-12-20 15:09:34,885 - INFO -    --------------------------------------------------
2025-12-20 15:09:34,890 - INFO -    --------------------------------------------------
2025-12-20 15:09:34,896 - INFO -    --------------------------------------------------
2025-12-20 15:09:34,902 - INFO -    --------------------------------------------------
2025-12-20 15:09:34,908 - INFO -    --------------------------------------------------
2025-12-20 15:09:34,914 - INFO -    --------------------------------------------------
2025-12-20 15:09:34,919 - INFO -    --------------------------------------------------
2025-12-20 15:09:34,925 - INFO -    --------------------------------------------------
2025-12-20 15:09:34,931 - INFO -    --------------------------------------------------
2025-12-20 15:09:34,936 - INFO -    --------------------------------------------------
2025-12-20 15:09:34,943 - INFO -    --------------------------------------------------
2025-12-20 15:09:34,950 - INFO -    --------------------------------------------------
2025-12-20 15:09:34,957 - INFO -    --------------------------------------------------
2025-12-20 15:09:34,964 - INFO -    --------------------------------------------------
2025-12-20 15:09:34,970 - INFO -    --------------------------------------------------
2025-12-20 15:09:34,976 - INFO -    --------------------------------------------------
2025-12-20 15:09:34,982 - INFO -    --------------------------------------------------
2025-12-20 15:09:34,989 - INFO -    --------------------------------------------------
2025-12-20 15:09:34,997 - INFO -    --------------------------------------------------
2025-12-20 15:09:35,007 - INFO -    --------------------------------------------------
2025-12-20 15:09:35,012 - INFO -    --------------------------------------------------
2025-12-20 15:09:35,017 - INFO -    --------------------------------------------------
2025-12-20 15:09:35,029 - INFO -    --------------------------------------------------
2025-12-20 15:09:35,042 - INFO -    --------------------------------------------------
2025-12-20 15:09:35,050 - INFO -    --------------------------------------------------
2025-12-20 15:09:35,060 - INFO -    --------------------------------------------------
2025-12-20 15:09:35,069 - INFO -    --------------------------------------------------
2025-12-20 15:09:35,076 - INFO -    --------------------------------------------------
2025-12-20 15:09:35,084 - INFO -    --------------------------------------------------
2025-12-20 15:09:35,095 - INFO -    --------------------------------------------------
2025-12-20 15:09:35,102 - INFO -    --------------------------------------------------
2025-12-20 15:09:35,113 - INFO -    --------------------------------------------------
2025-12-20 15:09:35,121 - INFO -    --------------------------------------------------
2025-12-20 15:09:35,128 - INFO -    --------------------------------------------------
2025-12-20 15:09:35,136 - INFO -    --------------------------------------------------
2025-12-20 15:09:35,144 - INFO -    --------------------------------------------------
2025-12-20 15:09:35,152 - INFO -    --------------------------------------------------
2025-12-20 15:09:35,159 - INFO -    --------------------------------------------------
2025-12-20 15:09:35,166 - INFO -    --------------------------------------------------
2025-12-20 15:09:35,173 - INFO -    --------------------------------------------------
2025-12-20 15:09:35,182 - INFO -    --------------------------------------------------
2025-12-20 15:09:35,191 - INFO -    --------------------------------------------------
2025-12-20 15:09:35,199 - INFO -    --------------------------------------------------
2025-12-20 15:09:35,208 - INFO -    --------------------------------------------------
2025-12-20 15:09:35,216 - INFO -    --------------------------------------------------
2025-12-20 15:09:35,224 - INFO -    --------------------------------------------------
2025-12-20 15:09:35,229 - INFO -    --------------------------------------------------
2025-12-20 15:09:35,235 - INFO -    --------------------------------------------------
2025-12-20 15:09:35,240 - INFO -    --------------------------------------------------
2025-12-20 15:09:35,246 - INFO -    --------------------------------------------------
2025-12-20 15:09:35,253 - INFO -    --------------------------------------------------
2025-12-20 15:09:35,260 - INFO -    --------------------------------------------------
2025-12-20 15:09:35,268 - INFO -    --------------------------------------------------
2025-12-20 15:09:35,275 - INFO -    --------------------------------------------------
2025-12-20 15:09:35,282 - INFO -    --------------------------------------------------
2025-12-20 15:09:35,289 - INFO -    --------------------------------------------------
2025-12-20 15:09:35,295 - INFO -    --------------------------------------------------
2025-12-20 15:09:35,301 - INFO -    --------------------------------------------------
2025-12-20 15:09:35,308 - INFO -    --------------------------------------------------
2025-12-20 15:09:35,315 - INFO -    --------------------------------------------------
2025-12-20 15:09:35,322 - INFO -    --------------------------------------------------
2025-12-20 15:09:35,329 - INFO -    --------------------------------------------------
2025-12-20 15:09:35,336 - INFO -    --------------------------------------------------
2025-12-20 15:09:35,342 - INFO -    --------------------------------------------------
2025-12-20 15:09:35,349 - INFO -    --------------------------------------------------
2025-12-20 15:09:35,355 - INFO -    --------------------------------------------------
2025-12-20 15:09:35,363 - INFO -    --------------------------------------------------
2025-12-20 15:09:35,369 - INFO -    --------------------------------------------------
2025-12-20 15:09:35,375 - INFO -    --------------------------------------------------
2025-12-20 15:09:35,380 - INFO -    --------------------------------------------------
2025-12-20 15:09:35,386 - INFO -    --------------------------------------------------
2025-12-20 15:09:35,393 - INFO -    --------------------------------------------------
2025-12-20 15:09:35,399 - INFO -    --------------------------------------------------
2025-12-20 15:09:35,404 - INFO -    --------------------------------------------------
2025-12-20 15:09:35,411 - INFO -    --------------------------------------------------
2025-12-20 15:09:35,419 - INFO -    --------------------------------------------------
2025-12-20 15:09:35,427 - INFO -    --------------------------------------------------
2025-12-20 15:09:35,435 - INFO -    --------------------------------------------------
2025-12-20 15:09:35,442 - INFO -    --------------------------------------------------
2025-12-20 15:09:35,448 - INFO -    --------------------------------------------------
2025-12-20 15:09:35,455 - INFO -    --------------------------------------------------
2025-12-20 15:09:35,463 - INFO -    --------------------------------------------------
2025-12-20 15:09:35,470 - INFO -    --------------------------------------------------
2025-12-20 15:09:35,477 - INFO -    --------------------------------------------------
2025-12-20 15:09:35,484 - INFO -    --------------------------------------------------
2025-12-20 15:09:35,492 - INFO -    --------------------------------------------------
2025-12-20 15:09:35,497 - INFO -    --------------------------------------------------
2025-12-20 15:09:35,504 - INFO -    --------------------------------------------------
2025-12-20 15:09:35,510 - INFO -    --------------------------------------------------
2025-12-20 15:09:35,516 - INFO -    --------------------------------------------------
2025-12-20 15:09:35,522 - INFO -    --------------------------------------------------
2025-12-20 15:09:35,528 - INFO -    --------------------------------------------------
2025-12-20 15:09:35,536 - INFO -    --------------------------------------------------
2025-12-20 15:09:35,543 - INFO -    --------------------------------------------------
2025-12-20 15:09:35,551 - INFO -    --------------------------------------------------
2025-12-20 15:09:35,558 - INFO -    --------------------------------------------------
2025-12-20 15:09:35,566 - INFO -    --------------------------------------------------
2025-12-20 15:09:35,573 - INFO -    --------------------------------------------------
2025-12-20 15:09:35,581 - INFO -    --------------------------------------------------
2025-12-20 15:09:35,589 - INFO -    --------------------------------------------------
2025-12-20 15:09:35,597 - INFO -    --------------------------------------------------
2025-12-20 15:09:35,604 - INFO -    --------------------------------------------------
2025-12-20 15:09:35,610 - INFO -    --------------------------------------------------
2025-12-20 15:09:35,616 - INFO -    --------------------------------------------------
2025-12-20 15:09:35,621 - INFO -    --------------------------------------------------
2025-12-20 15:09:35,626 - INFO -    --------------------------------------------------
2025-12-20 15:09:35,630 - INFO -    --------------------------------------------------
2025-12-20 15:09:35,635 - INFO -    --------------------------------------------------
2025-12-20 15:09:35,640 - INFO -    --------------------------------------------------
2025-12-20 15:09:35,645 - INFO -    --------------------------------------------------
2025-12-20 15:09:35,650 - INFO -    --------------------------------------------------
2025-12-20 15:09:35,655 - INFO -    --------------------------------------------------
2025-12-20 15:09:37,169 - INFO -    --------------------------------------------------
2025-12-20 15:09:37,179 - INFO -    --------------------------------------------------
2025-12-20 15:09:37,189 - INFO -    --------------------------------------------------
2025-12-20 15:09:37,199 - INFO -    --------------------------------------------------
2025-12-20 15:09:37,207 - INFO -    --------------------------------------------------
2025-12-20 15:09:37,216 - INFO -    --------------------------------------------------
2025-12-20 15:09:37,225 - INFO -    --------------------------------------------------
2025-12-20 15:09:37,233 - INFO -    --------------------------------------------------
2025-12-20 15:09:37,242 - INFO -    --------------------------------------------------
2025-12-20 15:09:37,251 - INFO -    --------------------------------------------------
2025-12-20 15:09:37,260 - INFO -    --------------------------------------------------
2025-12-20 15:09:37,268 - INFO -    --------------------------------------------------
2025-12-20 15:09:37,276 - INFO -    --------------------------------------------------
2025-12-20 15:09:37,284 - INFO -    --------------------------------------------------
2025-12-20 15:09:37,290 - INFO -    --------------------------------------------------
2025-12-20 15:09:37,297 - INFO -    --------------------------------------------------
2025-12-20 15:09:37,305 - INFO -    --------------------------------------------------
2025-12-20 15:09:37,314 - INFO -    --------------------------------------------------
2025-12-20 15:09:37,322 - INFO -    --------------------------------------------------
2025-12-20 15:09:37,330 - INFO -    --------------------------------------------------
2025-12-20 15:09:37,338 - INFO -    --------------------------------------------------
2025-12-20 15:09:37,346 - INFO -    --------------------------------------------------
2025-12-20 15:09:37,353 - INFO -    --------------------------------------------------
2025-12-20 15:09:37,361 - INFO -    --------------------------------------------------
2025-12-20 15:09:37,369 - INFO -    --------------------------------------------------
2025-12-20 15:09:37,377 - INFO -    --------------------------------------------------
2025-12-20 15:09:37,385 - INFO -    --------------------------------------------------
2025-12-20 15:09:37,393 - INFO -    --------------------------------------------------
2025-12-20 15:09:37,402 - INFO -    --------------------------------------------------
2025-12-20 15:09:37,409 - INFO -    --------------------------------------------------
2025-12-20 15:09:37,416 - INFO -    --------------------------------------------------
2025-12-20 15:09:37,423 - INFO -    --------------------------------------------------
2025-12-20 15:09:37,431 - INFO -    --------------------------------------------------
2025-12-20 15:09:37,438 - INFO -    --------------------------------------------------
2025-12-20 15:09:37,443 - INFO -    --------------------------------------------------
2025-12-20 15:09:37,451 - INFO -    --------------------------------------------------
2025-12-20 15:09:37,458 - INFO -    --------------------------------------------------
2025-12-20 15:09:37,465 - INFO -    --------------------------------------------------
2025-12-20 15:09:37,473 - INFO -    --------------------------------------------------
2025-12-20 15:09:37,481 - INFO -    --------------------------------------------------
2025-12-20 15:09:37,488 - INFO -    --------------------------------------------------
2025-12-20 15:09:37,496 - INFO -    --------------------------------------------------
2025-12-20 15:09:37,502 - INFO -    --------------------------------------------------
2025-12-20 15:09:37,509 - INFO -    --------------------------------------------------
2025-12-20 15:09:37,517 - INFO -    --------------------------------------------------
2025-12-20 15:09:37,525 - INFO -    --------------------------------------------------
2025-12-20 15:09:37,533 - INFO -    --------------------------------------------------
2025-12-20 15:09:37,540 - INFO -    --------------------------------------------------
2025-12-20 15:09:37,548 - INFO -    --------------------------------------------------
2025-12-20 15:09:37,556 - INFO -    --------------------------------------------------
2025-12-20 15:09:37,564 - INFO -    --------------------------------------------------
2025-12-20 15:09:37,572 - INFO -    --------------------------------------------------
2025-12-20 15:09:37,581 - INFO -    --------------------------------------------------
2025-12-20 15:09:37,588 - INFO -    --------------------------------------------------
2025-12-20 15:09:37,599 - INFO -    --------------------------------------------------
2025-12-20 15:09:37,605 - INFO -    --------------------------------------------------
2025-12-20 15:09:37,611 - INFO -    --------------------------------------------------
2025-12-20 15:09:37,634 - INFO -    --------------------------------------------------
2025-12-20 15:09:37,643 - INFO -    --------------------------------------------------
2025-12-20 15:09:37,655 - INFO -    --------------------------------------------------
2025-12-20 15:09:37,664 - INFO -    --------------------------------------------------
2025-12-20 15:09:37,673 - INFO -    --------------------------------------------------
2025-12-20 15:09:37,684 - INFO -    --------------------------------------------------
2025-12-20 15:09:37,692 - INFO -    --------------------------------------------------
2025-12-20 15:09:37,698 - INFO -    --------------------------------------------------
2025-12-20 15:09:37,705 - INFO -    --------------------------------------------------
2025-12-20 15:09:37,714 - INFO -    --------------------------------------------------
2025-12-20 15:09:37,722 - INFO -    --------------------------------------------------
2025-12-20 15:09:37,727 - INFO -    --------------------------------------------------
2025-12-20 15:09:37,734 - INFO -    --------------------------------------------------
2025-12-20 15:09:37,744 - INFO -    --------------------------------------------------
2025-12-20 15:09:37,753 - INFO -    --------------------------------------------------
2025-12-20 15:09:37,760 - INFO -    --------------------------------------------------
2025-12-20 15:09:37,766 - INFO -    --------------------------------------------------
2025-12-20 15:09:37,772 - INFO -    --------------------------------------------------
2025-12-20 15:09:37,781 - INFO -    --------------------------------------------------
2025-12-20 15:09:37,790 - INFO -    --------------------------------------------------
2025-12-20 15:09:37,797 - INFO -    --------------------------------------------------
2025-12-20 15:09:37,801 - INFO -    --------------------------------------------------
2025-12-20 15:09:37,810 - INFO -    --------------------------------------------------
2025-12-20 15:09:37,819 - INFO -    --------------------------------------------------
2025-12-20 15:09:37,826 - INFO -    --------------------------------------------------
2025-12-20 15:09:37,832 - INFO -    --------------------------------------------------
2025-12-20 15:09:37,840 - INFO -    --------------------------------------------------
2025-12-20 15:09:37,848 - INFO -    --------------------------------------------------
2025-12-20 15:09:37,855 - INFO -    --------------------------------------------------
2025-12-20 15:09:37,864 - INFO -    --------------------------------------------------
2025-12-20 15:09:37,870 - INFO -    --------------------------------------------------
2025-12-20 15:09:37,880 - INFO -    --------------------------------------------------
2025-12-20 15:09:37,889 - INFO -    --------------------------------------------------
2025-12-20 15:09:37,897 - INFO -    --------------------------------------------------
2025-12-20 15:09:37,904 - INFO -    --------------------------------------------------
2025-12-20 15:09:37,915 - INFO -    --------------------------------------------------
2025-12-20 15:09:37,921 - INFO -    --------------------------------------------------
2025-12-20 15:09:37,932 - INFO -    --------------------------------------------------
2025-12-20 15:09:37,949 - INFO -    --------------------------------------------------
2025-12-20 15:09:37,963 - INFO -    --------------------------------------------------
2025-12-20 15:09:37,978 - INFO -    --------------------------------------------------
2025-12-20 15:09:37,988 - INFO -    --------------------------------------------------
2025-12-20 15:09:37,996 - INFO -    --------------------------------------------------
2025-12-20 15:09:38,004 - INFO -    --------------------------------------------------
2025-12-20 15:09:38,015 - INFO -    --------------------------------------------------
2025-12-20 15:09:38,027 - INFO -    --------------------------------------------------
2025-12-20 15:09:38,034 - INFO -    --------------------------------------------------
2025-12-20 15:09:38,043 - INFO -    --------------------------------------------------
2025-12-20 15:09:38,049 - INFO -    --------------------------------------------------
2025-12-20 15:09:38,060 - INFO -    --------------------------------------------------
2025-12-20 15:09:38,070 - INFO -    --------------------------------------------------
2025-12-20 15:09:38,076 - INFO -    --------------------------------------------------
2025-12-20 15:09:38,082 - INFO -    --------------------------------------------------
2025-12-20 15:09:38,088 - INFO -    --------------------------------------------------
2025-12-20 15:09:38,093 - INFO -    --------------------------------------------------
2025-12-20 15:09:38,099 - INFO -    --------------------------------------------------
2025-12-20 15:09:38,107 - INFO -    --------------------------------------------------
2025-12-20 15:09:38,114 - INFO -    --------------------------------------------------
2025-12-20 15:09:38,121 - INFO -    --------------------------------------------------
2025-12-20 15:09:38,126 - INFO -    --------------------------------------------------
2025-12-20 15:09:38,133 - INFO -    --------------------------------------------------
2025-12-20 15:09:38,141 - INFO -    --------------------------------------------------
2025-12-20 15:09:38,150 - INFO -    --------------------------------------------------
2025-12-20 15:09:38,160 - INFO -    --------------------------------------------------
2025-12-20 15:09:38,169 - INFO -    --------------------------------------------------
2025-12-20 15:09:38,177 - INFO -    --------------------------------------------------
2025-12-20 15:09:38,188 - INFO -    --------------------------------------------------
2025-12-20 15:09:38,197 - INFO -    --------------------------------------------------
2025-12-20 15:09:38,203 - INFO -    --------------------------------------------------
2025-12-20 15:09:38,211 - INFO -    --------------------------------------------------
2025-12-20 15:09:38,222 - INFO -    --------------------------------------------------
2025-12-20 15:09:38,235 - INFO -    --------------------------------------------------
2025-12-20 15:09:38,244 - INFO -    --------------------------------------------------
2025-12-20 15:09:38,251 - INFO -    --------------------------------------------------
2025-12-20 15:09:38,259 - INFO -    --------------------------------------------------
2025-12-20 15:09:38,269 - INFO -    --------------------------------------------------
2025-12-20 15:09:38,282 - INFO -    --------------------------------------------------
2025-12-20 15:09:38,292 - INFO -    --------------------------------------------------
2025-12-20 15:09:38,300 - INFO -    --------------------------------------------------
2025-12-20 15:09:38,308 - INFO -    --------------------------------------------------
2025-12-20 15:09:38,316 - INFO -    --------------------------------------------------
2025-12-20 15:09:38,322 - INFO -    --------------------------------------------------
2025-12-20 15:09:38,332 - INFO -    --------------------------------------------------
2025-12-20 15:09:38,341 - INFO -    --------------------------------------------------
2025-12-20 15:09:38,348 - INFO -    --------------------------------------------------
2025-12-20 15:09:38,355 - INFO -    --------------------------------------------------
2025-12-20 15:09:38,367 - INFO -    --------------------------------------------------
2025-12-20 15:09:38,376 - INFO -    --------------------------------------------------
2025-12-20 15:09:38,383 - INFO -    --------------------------------------------------
2025-12-20 15:09:38,392 - INFO -    --------------------------------------------------
2025-12-20 15:09:38,400 - INFO -    --------------------------------------------------
2025-12-20 15:09:38,409 - INFO -    --------------------------------------------------
2025-12-20 15:09:38,419 - INFO -    --------------------------------------------------
2025-12-20 15:09:38,429 - INFO -    --------------------------------------------------
2025-12-20 15:09:38,440 - INFO -    --------------------------------------------------
2025-12-20 15:09:38,456 - INFO -    --------------------------------------------------
2025-12-20 15:09:38,468 - INFO -    --------------------------------------------------
2025-12-20 15:09:38,477 - INFO -    --------------------------------------------------
2025-12-20 15:09:38,491 - INFO -    --------------------------------------------------
2025-12-20 15:09:38,502 - INFO -    --------------------------------------------------
2025-12-20 15:09:38,520 - INFO -    --------------------------------------------------
2025-12-20 15:09:38,529 - INFO -    --------------------------------------------------
2025-12-20 15:09:38,536 - INFO -    --------------------------------------------------
2025-12-20 15:09:38,548 - INFO -    --------------------------------------------------
2025-12-20 15:09:38,560 - INFO -    --------------------------------------------------
2025-12-20 15:09:38,565 - INFO -    --------------------------------------------------
2025-12-20 15:09:38,572 - INFO -    --------------------------------------------------
2025-12-20 15:09:38,586 - INFO -    --------------------------------------------------
2025-12-20 15:09:38,593 - INFO -    --------------------------------------------------
2025-12-20 15:09:38,602 - INFO -    --------------------------------------------------
2025-12-20 15:09:38,608 - INFO -    --------------------------------------------------
2025-12-20 15:09:38,621 - INFO -    --------------------------------------------------
2025-12-20 15:09:38,629 - INFO -    --------------------------------------------------
2025-12-20 15:09:38,635 - INFO -    --------------------------------------------------
2025-12-20 15:09:38,644 - INFO -    --------------------------------------------------
2025-12-20 15:09:38,656 - INFO -    --------------------------------------------------
2025-12-20 15:09:38,663 - INFO -    --------------------------------------------------
2025-12-20 15:09:38,671 - INFO -    --------------------------------------------------
2025-12-20 15:09:38,673 - INFO - ============================================================
2025-12-20 15:09:38,673 - INFO - 
================================================================================
2025-12-20 15:09:38,675 - INFO - ================================================================================
2025-12-20 15:09:38,680 - WARNING - --------------------------------------------------------------------------------
2025-12-20 15:09:38,704 - WARNING -   ... e mais 17 erros
2025-12-20 15:09:38,707 - INFO - 
================================================================================
2025-12-20 15:09:38,710 - INFO - ================================================================================
2025-12-20 15:09:38,935 - WARNING - 
================================================================================
2025-12-20 15:09:38,942 - WARNING - ================================================================================
2025-12-20 15:09:39,163 - WARNING - --------------------------------------------------------------------------------
2025-12-20 15:09:39,178 - WARNING -        LOTE: 
2025-12-20 15:09:39,187 - WARNING -         ---
2025-12-20 15:09:39,196 - WARNING -        LOTE: 
2025-12-20 15:09:39,203 - WARNING -         ---
2025-12-20 15:09:39,215 - WARNING -        LOTE: 
2025-12-20 15:09:39,222 - WARNING -         ---
2025-12-20 15:09:39,237 - WARNING -        LOTE: 
2025-12-20 15:09:39,246 - WARNING -         ---
2025-12-20 15:09:39,258 - WARNING -        LOTE: 
2025-12-20 15:09:39,268 - WARNING -         ---
2025-12-20 15:09:39,283 - WARNING -        LOTE: 
2025-12-20 15:09:39,290 - WARNING -         ---
2025-12-20 15:09:39,302 - WARNING -        LOTE: 
2025-12-20 15:09:39,311 - WARNING -         ---
2025-12-20 15:09:39,324 - WARNING -        LOTE: 
2025-12-20 15:09:39,335 - WARNING -         ---
2025-12-20 15:09:39,348 - WARNING -        LOTE: 
2025-12-20 15:09:39,358 - WARNING -         ---
2025-12-20 15:09:39,375 - WARNING -        LOTE: 
2025-12-20 15:09:39,383 - WARNING -         ---
2025-12-20 15:09:39,400 - WARNING -        LOTE: 
2025-12-20 15:09:39,412 - WARNING -         ---
2025-12-20 15:09:39,431 - WARNING -        LOTE: 
2025-12-20 15:09:39,441 - WARNING -         ---
2025-12-20 15:09:39,459 - WARNING -        LOTE: 
2025-12-20 15:09:39,470 - WARNING -         ---
2025-12-20 15:09:39,470 - WARNING - 
================================================================================
2025-12-20 15:09:39,473 - WARNING - ================================================================================
2025-12-20 15:09:39,480 - WARNING - ================================================================================
2025-12-20 15:09:39,483 - INFO - 
================================================================================
2025-12-20 15:09:39,486 - INFO - ================================================================================
2025-12-20 15:09:39,490 - ERROR - Traceback (most recent call last):
  File "C:\Users\Administrator\Desktop\pharmaSys-main\import_lotes.py", line 352, in importar_lotes_simples
    gerar_relatorio_proximo_vencimento(dias_alerta=30)
  File "C:\Users\Administrator\Desktop\pharmaSys-main\import_lotes.py", line 157, in gerar_relatorio_proximo_vencimento
    data_alerta = hoje.replace(day=hoje.day + dias_alerta)
                  ^^^^^^^^^^^^^^^^^^^^^^^^^^^^^^^^^^^^^^^^
ValueError: day is out of range for month

